{
  "numTotalTestSuites": 55,
  "numPassedTestSuites": 55,
  "numFailedTestSuites": 0,
  "numPendingTestSuites": 0,
  "numTotalTests": 94,
  "numPassedTests": 94,
  "numFailedTests": 0,
  "numPendingTests": 0,
  "numTodoTests": 0,
  "startTime": 1749646895020,
  "success": true,
  "testResults": [
    {
      "assertionResults": [
        {
          "ancestorTitles": [
            "",
            "SmsshCSS Vite Plugin - Compatibility Tests",
            "Node.js Version Compatibility"
          ],
          "fullName": " SmsshCSS Vite Plugin - Compatibility Tests Node.js Version Compatibility should work with current Node.js version",
          "status": "passed",
          "title": "should work with current Node.js version",
          "duration": 26,
          "failureMessages": []
        },
        {
          "ancestorTitles": [
            "",
            "SmsshCSS Vite Plugin - Compatibility Tests",
            "Node.js Version Compatibility"
          ],
          "fullName": " SmsshCSS Vite Plugin - Compatibility Tests Node.js Version Compatibility should handle ES modules correctly",
          "status": "passed",
          "title": "should handle ES modules correctly",
          "duration": 18,
          "failureMessages": []
        },
        {
          "ancestorTitles": [
            "",
            "SmsshCSS Vite Plugin - Compatibility Tests",
            "Node.js Version Compatibility"
          ],
          "fullName": " SmsshCSS Vite Plugin - Compatibility Tests Node.js Version Compatibility should handle file system operations across platforms",
          "status": "passed",
          "title": "should handle file system operations across platforms",
          "duration": 52,
          "failureMessages": []
        },
        {
          "ancestorTitles": [
            "",
            "SmsshCSS Vite Plugin - Compatibility Tests",
            "Vite Version Compatibility"
          ],
          "fullName": " SmsshCSS Vite Plugin - Compatibility Tests Vite Version Compatibility should be compatible with Vite plugin API",
          "status": "passed",
          "title": "should be compatible with Vite plugin API",
          "duration": 1,
          "failureMessages": []
        },
        {
          "ancestorTitles": [
            "",
            "SmsshCSS Vite Plugin - Compatibility Tests",
            "Vite Version Compatibility"
          ],
          "fullName": " SmsshCSS Vite Plugin - Compatibility Tests Vite Version Compatibility should handle different file types correctly",
          "status": "passed",
          "title": "should handle different file types correctly",
          "duration": 14,
          "failureMessages": []
        },
        {
          "ancestorTitles": [
            "",
            "SmsshCSS Vite Plugin - Compatibility Tests",
            "Vite Version Compatibility"
          ],
          "fullName": " SmsshCSS Vite Plugin - Compatibility Tests Vite Version Compatibility should work with Vite dev and build modes",
          "status": "passed",
          "title": "should work with Vite dev and build modes",
          "duration": 28,
          "failureMessages": []
        },
        {
          "ancestorTitles": [
            "",
            "SmsshCSS Vite Plugin - Compatibility Tests",
            "Browser CSS Compatibility"
          ],
          "fullName": " SmsshCSS Vite Plugin - Compatibility Tests Browser CSS Compatibility should generate basic CSS that works in all browsers",
          "status": "passed",
          "title": "should generate basic CSS that works in all browsers",
          "duration": 11,
          "failureMessages": []
        },
        {
          "ancestorTitles": [
            "",
            "SmsshCSS Vite Plugin - Compatibility Tests",
            "Browser CSS Compatibility"
          ],
          "fullName": " SmsshCSS Vite Plugin - Compatibility Tests Browser CSS Compatibility should handle modern CSS units appropriately",
          "status": "passed",
          "title": "should handle modern CSS units appropriately",
          "duration": 14,
          "failureMessages": []
        },
        {
          "ancestorTitles": [
            "",
            "SmsshCSS Vite Plugin - Compatibility Tests",
            "Browser CSS Compatibility"
          ],
          "fullName": " SmsshCSS Vite Plugin - Compatibility Tests Browser CSS Compatibility should generate vendor-prefix-free CSS",
          "status": "passed",
          "title": "should generate vendor-prefix-free CSS",
          "duration": 14,
          "failureMessages": []
        },
        {
          "ancestorTitles": [
            "",
            "SmsshCSS Vite Plugin - Compatibility Tests",
            "Framework Integration Compatibility"
          ],
          "fullName": " SmsshCSS Vite Plugin - Compatibility Tests Framework Integration Compatibility should work with React className attribute",
          "status": "passed",
          "title": "should work with React className attribute",
          "duration": 1,
          "failureMessages": []
        },
        {
          "ancestorTitles": [
            "",
            "SmsshCSS Vite Plugin - Compatibility Tests",
            "Framework Integration Compatibility"
          ],
          "fullName": " SmsshCSS Vite Plugin - Compatibility Tests Framework Integration Compatibility should work with Vue class binding",
          "status": "passed",
          "title": "should work with Vue class binding",
          "duration": 1,
          "failureMessages": []
        },
        {
          "ancestorTitles": [
            "",
            "SmsshCSS Vite Plugin - Compatibility Tests",
            "Framework Integration Compatibility"
          ],
          "fullName": " SmsshCSS Vite Plugin - Compatibility Tests Framework Integration Compatibility should handle TypeScript files correctly",
          "status": "passed",
          "title": "should handle TypeScript files correctly",
          "duration": 11,
          "failureMessages": []
        },
        {
          "ancestorTitles": [
            "",
            "SmsshCSS Vite Plugin - Compatibility Tests",
            "Build Tool Integration"
          ],
          "fullName": " SmsshCSS Vite Plugin - Compatibility Tests Build Tool Integration should work with different bundlers",
          "status": "passed",
          "title": "should work with different bundlers",
          "duration": 11,
          "failureMessages": []
        },
        {
          "ancestorTitles": [
            "",
            "SmsshCSS Vite Plugin - Compatibility Tests",
            "Build Tool Integration"
          ],
          "fullName": " SmsshCSS Vite Plugin - Compatibility Tests Build Tool Integration should handle sourcemap generation",
          "status": "passed",
          "title": "should handle sourcemap generation",
          "duration": 10,
          "failureMessages": []
        },
        {
          "ancestorTitles": [
            "",
            "SmsshCSS Vite Plugin - Compatibility Tests",
            "Configuration Compatibility"
          ],
          "fullName": " SmsshCSS Vite Plugin - Compatibility Tests Configuration Compatibility should handle various content patterns",
          "status": "passed",
          "title": "should handle various content patterns",
          "duration": 17,
          "failureMessages": []
        },
        {
          "ancestorTitles": [
            "",
            "SmsshCSS Vite Plugin - Compatibility Tests",
            "Configuration Compatibility"
          ],
          "fullName": " SmsshCSS Vite Plugin - Compatibility Tests Configuration Compatibility should work with different apply configurations",
          "status": "passed",
          "title": "should work with different apply configurations",
          "duration": 12,
          "failureMessages": []
        },
        {
          "ancestorTitles": [
            "",
            "SmsshCSS Vite Plugin - Compatibility Tests",
            "Configuration Compatibility"
          ],
          "fullName": " SmsshCSS Vite Plugin - Compatibility Tests Configuration Compatibility should handle malformed configurations gracefully",
          "status": "passed",
          "title": "should handle malformed configurations gracefully",
          "duration": 23,
          "failureMessages": []
        },
        {
          "ancestorTitles": [
            "",
            "SmsshCSS Vite Plugin - Compatibility Tests",
            "Performance Across Environments"
          ],
          "fullName": " SmsshCSS Vite Plugin - Compatibility Tests Performance Across Environments should maintain performance in CI environments",
          "status": "passed",
          "title": "should maintain performance in CI environments",
          "duration": 13,
          "failureMessages": []
        },
        {
          "ancestorTitles": [
            "",
            "SmsshCSS Vite Plugin - Compatibility Tests",
            "Performance Across Environments"
          ],
          "fullName": " SmsshCSS Vite Plugin - Compatibility Tests Performance Across Environments should work consistently across different OS",
          "status": "passed",
          "title": "should work consistently across different OS",
          "duration": 13,
          "failureMessages": []
        }
      ],
      "startTime": 1749646896213,
      "endTime": 1749646896505,
      "status": "passed",
      "message": "",
      "name": "/Users/masashi.otsubo/Projects/smsshcss/packages/@smsshcss/vite/src/__tests__/compatibility.test.ts"
    },
    {
      "assertionResults": [
        {
          "ancestorTitles": ["", "Custom Value Classes Integration", "HTML Content Processing"],
          "fullName": " Custom Value Classes Integration HTML Content Processing should process gap custom values in HTML files",
          "status": "passed",
          "title": "should process gap custom values in HTML files",
          "duration": 20,
          "failureMessages": []
        },
        {
          "ancestorTitles": ["", "Custom Value Classes Integration", "HTML Content Processing"],
          "fullName": " Custom Value Classes Integration HTML Content Processing should process margin and padding custom values",
          "status": "passed",
          "title": "should process margin and padding custom values",
          "duration": 12,
          "failureMessages": []
        },
        {
          "ancestorTitles": ["", "Custom Value Classes Integration", "HTML Content Processing"],
          "fullName": " Custom Value Classes Integration HTML Content Processing should process width and height custom values",
          "status": "passed",
          "title": "should process width and height custom values",
          "duration": 11,
          "failureMessages": []
        },
        {
          "ancestorTitles": ["", "Custom Value Classes Integration", "HTML Content Processing"],
          "fullName": " Custom Value Classes Integration HTML Content Processing should handle complex custom values",
          "status": "passed",
          "title": "should handle complex custom values",
          "duration": 6,
          "failureMessages": []
        },
        {
          "ancestorTitles": ["", "Custom Value Classes Integration", "Multiple File Processing"],
          "fullName": " Custom Value Classes Integration Multiple File Processing should process custom values from multiple HTML files",
          "status": "passed",
          "title": "should process custom values from multiple HTML files",
          "duration": 14,
          "failureMessages": []
        },
        {
          "ancestorTitles": ["", "Custom Value Classes Integration", "Multiple File Processing"],
          "fullName": " Custom Value Classes Integration Multiple File Processing should deduplicate identical custom values",
          "status": "passed",
          "title": "should deduplicate identical custom values",
          "duration": 13,
          "failureMessages": []
        },
        {
          "ancestorTitles": ["", "Custom Value Classes Integration", "CSS Functions Support"],
          "fullName": " Custom Value Classes Integration CSS Functions Support should handle calc() functions correctly",
          "status": "passed",
          "title": "should handle calc() functions correctly",
          "duration": 14,
          "failureMessages": []
        },
        {
          "ancestorTitles": ["", "Custom Value Classes Integration", "CSS Functions Support"],
          "fullName": " Custom Value Classes Integration CSS Functions Support should handle min(), max(), and clamp() functions",
          "status": "passed",
          "title": "should handle min(), max(), and clamp() functions",
          "duration": 8,
          "failureMessages": []
        },
        {
          "ancestorTitles": ["", "Custom Value Classes Integration", "CSS Functions Support"],
          "fullName": " Custom Value Classes Integration CSS Functions Support should handle nested CSS functions",
          "status": "passed",
          "title": "should handle nested CSS functions",
          "duration": 17,
          "failureMessages": []
        },
        {
          "ancestorTitles": ["", "Custom Value Classes Integration", "CSS Variables Support"],
          "fullName": " Custom Value Classes Integration CSS Variables Support should handle CSS variables correctly",
          "status": "passed",
          "title": "should handle CSS variables correctly",
          "duration": 7,
          "failureMessages": []
        },
        {
          "ancestorTitles": [
            "",
            "Custom Value Classes Integration",
            "Edge Cases and Error Handling"
          ],
          "fullName": " Custom Value Classes Integration Edge Cases and Error Handling should handle invalid class names gracefully",
          "status": "passed",
          "title": "should handle invalid class names gracefully",
          "duration": 7,
          "failureMessages": []
        },
        {
          "ancestorTitles": [
            "",
            "Custom Value Classes Integration",
            "Edge Cases and Error Handling"
          ],
          "fullName": " Custom Value Classes Integration Edge Cases and Error Handling should handle extreme values",
          "status": "passed",
          "title": "should handle extreme values",
          "duration": 6,
          "failureMessages": []
        },
        {
          "ancestorTitles": [
            "",
            "Custom Value Classes Integration",
            "Edge Cases and Error Handling"
          ],
          "fullName": " Custom Value Classes Integration Edge Cases and Error Handling should handle special characters safely",
          "status": "passed",
          "title": "should handle special characters safely",
          "duration": 8,
          "failureMessages": []
        },
        {
          "ancestorTitles": ["", "Custom Value Classes Integration", "Performance Tests"],
          "fullName": " Custom Value Classes Integration Performance Tests should handle large number of custom values efficiently",
          "status": "passed",
          "title": "should handle large number of custom values efficiently",
          "duration": 61,
          "failureMessages": []
        },
        {
          "ancestorTitles": ["", "Custom Value Classes Integration", "Performance Tests"],
          "fullName": " Custom Value Classes Integration Performance Tests should handle many files efficiently",
          "status": "passed",
          "title": "should handle many files efficiently",
          "duration": 253,
          "failureMessages": []
        },
        {
          "ancestorTitles": [
            "",
            "Custom Value Classes Integration",
            "Unit Values and Browser Compatibility"
          ],
          "fullName": " Custom Value Classes Integration Unit Values and Browser Compatibility should support all CSS units",
          "status": "passed",
          "title": "should support all CSS units",
          "duration": 5,
          "failureMessages": []
        },
        {
          "ancestorTitles": [
            "",
            "Custom Value Classes Integration",
            "Unit Values and Browser Compatibility"
          ],
          "fullName": " Custom Value Classes Integration Unit Values and Browser Compatibility should support modern CSS units",
          "status": "passed",
          "title": "should support modern CSS units",
          "duration": 7,
          "failureMessages": []
        },
        {
          "ancestorTitles": ["", "Custom Value Classes Integration", "Data-driven Tests"],
          "fullName": " Custom Value Classes Integration Data-driven Tests should process all gap test cases correctly",
          "status": "passed",
          "title": "should process all gap test cases correctly",
          "duration": 6,
          "failureMessages": []
        },
        {
          "ancestorTitles": ["", "Custom Value Classes Integration", "Data-driven Tests"],
          "fullName": " Custom Value Classes Integration Data-driven Tests should process all spacing test cases correctly",
          "status": "passed",
          "title": "should process all spacing test cases correctly",
          "duration": 7,
          "failureMessages": []
        },
        {
          "ancestorTitles": ["", "Custom Value Classes Integration", "Data-driven Tests"],
          "fullName": " Custom Value Classes Integration Data-driven Tests should process all size test cases correctly",
          "status": "passed",
          "title": "should process all size test cases correctly",
          "duration": 4,
          "failureMessages": []
        }
      ],
      "startTime": 1749646896287,
      "endTime": 1749646896775,
      "status": "passed",
      "message": "",
      "name": "/Users/masashi.otsubo/Projects/smsshcss/packages/@smsshcss/vite/src/__tests__/custom-values.test.ts"
    },
    {
      "assertionResults": [
        {
          "ancestorTitles": [
            "",
            "SmsshCSS Vite Plugin - Integration Tests",
            "Real-world Scenarios"
          ],
          "fullName": " SmsshCSS Vite Plugin - Integration Tests Real-world Scenarios should handle a typical React project structure",
          "status": "passed",
          "title": "should handle a typical React project structure",
          "duration": 36,
          "failureMessages": []
        },
        {
          "ancestorTitles": [
            "",
            "SmsshCSS Vite Plugin - Integration Tests",
            "Real-world Scenarios"
          ],
          "fullName": " SmsshCSS Vite Plugin - Integration Tests Real-world Scenarios should handle Vue.js project with complex layouts",
          "status": "passed",
          "title": "should handle Vue.js project with complex layouts",
          "duration": 12,
          "failureMessages": []
        },
        {
          "ancestorTitles": [
            "",
            "SmsshCSS Vite Plugin - Integration Tests",
            "Real-world Scenarios"
          ],
          "fullName": " SmsshCSS Vite Plugin - Integration Tests Real-world Scenarios should handle mixed standard and custom classes efficiently",
          "status": "passed",
          "title": "should handle mixed standard and custom classes efficiently",
          "duration": 7,
          "failureMessages": []
        },
        {
          "ancestorTitles": [
            "",
            "SmsshCSS Vite Plugin - Integration Tests",
            "Configuration Scenarios"
          ],
          "fullName": " SmsshCSS Vite Plugin - Integration Tests Configuration Scenarios should work with custom theme and minimal options",
          "status": "passed",
          "title": "should work with custom theme and minimal options",
          "duration": 9,
          "failureMessages": []
        },
        {
          "ancestorTitles": [
            "",
            "SmsshCSS Vite Plugin - Integration Tests",
            "Configuration Scenarios"
          ],
          "fullName": " SmsshCSS Vite Plugin - Integration Tests Configuration Scenarios should handle empty configuration gracefully",
          "status": "passed",
          "title": "should handle empty configuration gracefully",
          "duration": 7,
          "failureMessages": []
        },
        {
          "ancestorTitles": ["", "SmsshCSS Vite Plugin - Integration Tests", "Error Recovery"],
          "fullName": " SmsshCSS Vite Plugin - Integration Tests Error Recovery should continue working after file system errors",
          "status": "passed",
          "title": "should continue working after file system errors",
          "duration": 3,
          "failureMessages": []
        },
        {
          "ancestorTitles": ["", "SmsshCSS Vite Plugin - Integration Tests", "Error Recovery"],
          "fullName": " SmsshCSS Vite Plugin - Integration Tests Error Recovery should handle glob errors gracefully",
          "status": "passed",
          "title": "should handle glob errors gracefully",
          "duration": 3,
          "failureMessages": []
        },
        {
          "ancestorTitles": [
            "",
            "SmsshCSS Vite Plugin - Integration Tests",
            "Advanced Integration Scenarios"
          ],
          "fullName": " SmsshCSS Vite Plugin - Integration Tests Advanced Integration Scenarios should handle large-scale projects efficiently",
          "status": "passed",
          "title": "should handle large-scale projects efficiently",
          "duration": 388,
          "failureMessages": []
        },
        {
          "ancestorTitles": [
            "",
            "SmsshCSS Vite Plugin - Integration Tests",
            "Advanced Integration Scenarios"
          ],
          "fullName": " SmsshCSS Vite Plugin - Integration Tests Advanced Integration Scenarios should handle mixed framework project (React + Vue + HTML)",
          "status": "passed",
          "title": "should handle mixed framework project (React + Vue + HTML)",
          "duration": 32,
          "failureMessages": []
        },
        {
          "ancestorTitles": [
            "",
            "SmsshCSS Vite Plugin - Integration Tests",
            "Advanced Integration Scenarios"
          ],
          "fullName": " SmsshCSS Vite Plugin - Integration Tests Advanced Integration Scenarios should handle real-world project structure with nested directories",
          "status": "passed",
          "title": "should handle real-world project structure with nested directories",
          "duration": 36,
          "failureMessages": []
        },
        {
          "ancestorTitles": [
            "",
            "SmsshCSS Vite Plugin - Integration Tests",
            "Performance and Scalability"
          ],
          "fullName": " SmsshCSS Vite Plugin - Integration Tests Performance and Scalability should maintain performance with increasing file count",
          "status": "passed",
          "title": "should maintain performance with increasing file count",
          "duration": 544,
          "failureMessages": []
        },
        {
          "ancestorTitles": [
            "",
            "SmsshCSS Vite Plugin - Integration Tests",
            "Performance and Scalability"
          ],
          "fullName": " SmsshCSS Vite Plugin - Integration Tests Performance and Scalability should handle memory efficiently with large class count",
          "status": "passed",
          "title": "should handle memory efficiently with large class count",
          "duration": 89,
          "failureMessages": []
        },
        {
          "ancestorTitles": [
            "",
            "SmsshCSS Vite Plugin - Integration Tests",
            "Production Environment Simulation"
          ],
          "fullName": " SmsshCSS Vite Plugin - Integration Tests Production Environment Simulation should work correctly with minification enabled",
          "status": "passed",
          "title": "should work correctly with minification enabled",
          "duration": 6,
          "failureMessages": []
        },
        {
          "ancestorTitles": [
            "",
            "SmsshCSS Vite Plugin - Integration Tests",
            "Production Environment Simulation"
          ],
          "fullName": " SmsshCSS Vite Plugin - Integration Tests Production Environment Simulation should handle production optimizations",
          "status": "passed",
          "title": "should handle production optimizations",
          "duration": 121,
          "failureMessages": []
        },
        {
          "ancestorTitles": [
            "",
            "SmsshCSS Vite Plugin - Integration Tests",
            "Plugin Compatibility and Edge Cases"
          ],
          "fullName": " SmsshCSS Vite Plugin - Integration Tests Plugin Compatibility and Edge Cases should handle concurrent transform calls",
          "status": "passed",
          "title": "should handle concurrent transform calls",
          "duration": 13,
          "failureMessages": []
        },
        {
          "ancestorTitles": [
            "",
            "SmsshCSS Vite Plugin - Integration Tests",
            "Plugin Compatibility and Edge Cases"
          ],
          "fullName": " SmsshCSS Vite Plugin - Integration Tests Plugin Compatibility and Edge Cases should handle file watch scenarios",
          "status": "passed",
          "title": "should handle file watch scenarios",
          "duration": 11,
          "failureMessages": []
        },
        {
          "ancestorTitles": [
            "",
            "SmsshCSS Vite Plugin - Integration Tests",
            "Plugin Compatibility and Edge Cases"
          ],
          "fullName": " SmsshCSS Vite Plugin - Integration Tests Plugin Compatibility and Edge Cases should handle empty and invalid files gracefully",
          "status": "passed",
          "title": "should handle empty and invalid files gracefully",
          "duration": 8,
          "failureMessages": []
        },
        {
          "ancestorTitles": [
            "",
            "SmsshCSS Vite Plugin - Integration Tests",
            "Configuration Edge Cases"
          ],
          "fullName": " SmsshCSS Vite Plugin - Integration Tests Configuration Edge Cases should handle extreme configuration values",
          "status": "passed",
          "title": "should handle extreme configuration values",
          "duration": 7,
          "failureMessages": []
        },
        {
          "ancestorTitles": [
            "",
            "SmsshCSS Vite Plugin - Integration Tests",
            "Configuration Edge Cases"
          ],
          "fullName": " SmsshCSS Vite Plugin - Integration Tests Configuration Edge Cases should handle configuration updates correctly",
          "status": "passed",
          "title": "should handle configuration updates correctly",
          "duration": 7,
          "failureMessages": []
        }
      ],
      "startTime": 1749646896280,
      "endTime": 1749646897622,
      "status": "passed",
      "message": "",
      "name": "/Users/masashi.otsubo/Projects/smsshcss/packages/@smsshcss/vite/src/__tests__/integration.test.ts"
    },
    {
      "assertionResults": [
        {
          "ancestorTitles": [
            "",
            "SmsshCSS Vite Plugin - Performance Tests",
            "Transform Performance"
          ],
          "fullName": " SmsshCSS Vite Plugin - Performance Tests Transform Performance should transform small projects efficiently",
          "status": "passed",
          "title": "should transform small projects efficiently",
          "duration": 165,
          "failureMessages": []
        },
        {
          "ancestorTitles": [
            "",
            "SmsshCSS Vite Plugin - Performance Tests",
            "Transform Performance"
          ],
          "fullName": " SmsshCSS Vite Plugin - Performance Tests Transform Performance should handle medium projects within reasonable limits",
          "status": "passed",
          "title": "should handle medium projects within reasonable limits",
          "duration": 432,
          "failureMessages": []
        },
        {
          "ancestorTitles": [
            "",
            "SmsshCSS Vite Plugin - Performance Tests",
            "Transform Performance"
          ],
          "fullName": " SmsshCSS Vite Plugin - Performance Tests Transform Performance should scale reasonably with large projects",
          "status": "passed",
          "title": "should scale reasonably with large projects",
          "duration": 438,
          "failureMessages": []
        },
        {
          "ancestorTitles": ["", "SmsshCSS Vite Plugin - Performance Tests", "Memory Efficiency"],
          "fullName": " SmsshCSS Vite Plugin - Performance Tests Memory Efficiency should not have memory leaks during multiple transforms",
          "status": "passed",
          "title": "should not have memory leaks during multiple transforms",
          "duration": 302,
          "failureMessages": []
        },
        {
          "ancestorTitles": ["", "SmsshCSS Vite Plugin - Performance Tests", "Memory Efficiency"],
          "fullName": " SmsshCSS Vite Plugin - Performance Tests Memory Efficiency should clean up resources properly",
          "status": "passed",
          "title": "should clean up resources properly",
          "duration": 148,
          "failureMessages": []
        },
        {
          "ancestorTitles": [
            "",
            "SmsshCSS Vite Plugin - Performance Tests",
            "Concurrent Processing"
          ],
          "fullName": " SmsshCSS Vite Plugin - Performance Tests Concurrent Processing should handle concurrent transforms efficiently",
          "status": "passed",
          "title": "should handle concurrent transforms efficiently",
          "duration": 934,
          "failureMessages": []
        },
        {
          "ancestorTitles": [
            "",
            "SmsshCSS Vite Plugin - Performance Tests",
            "Output Size Optimization"
          ],
          "fullName": " SmsshCSS Vite Plugin - Performance Tests Output Size Optimization should generate reasonable output sizes for different project scales",
          "status": "passed",
          "title": "should generate reasonable output sizes for different project scales",
          "duration": 1292,
          "failureMessages": []
        }
      ],
      "startTime": 1749646896219,
      "endTime": 1749646899932,
      "status": "passed",
      "message": "",
      "name": "/Users/masashi.otsubo/Projects/smsshcss/packages/@smsshcss/vite/src/__tests__/performance.test.ts"
    },
    {
      "assertionResults": [
        {
          "ancestorTitles": [
            "",
            "SmsshCSS Vite Plugin - Core Functionality",
            "Plugin Configuration"
          ],
          "fullName": " SmsshCSS Vite Plugin - Core Functionality Plugin Configuration should create plugin with default options",
          "status": "passed",
          "title": "should create plugin with default options",
          "duration": 2,
          "failureMessages": []
        },
        {
          "ancestorTitles": [
            "",
            "SmsshCSS Vite Plugin - Core Functionality",
            "Plugin Configuration"
          ],
          "fullName": " SmsshCSS Vite Plugin - Core Functionality Plugin Configuration should create plugin with custom options",
          "status": "passed",
          "title": "should create plugin with custom options",
          "duration": 0,
          "failureMessages": []
        },
        {
          "ancestorTitles": [
            "",
            "SmsshCSS Vite Plugin - Core Functionality",
            "File Transformation"
          ],
          "fullName": " SmsshCSS Vite Plugin - Core Functionality File Transformation should transform CSS files",
          "status": "passed",
          "title": "should transform CSS files",
          "duration": 30,
          "failureMessages": []
        },
        {
          "ancestorTitles": [
            "",
            "SmsshCSS Vite Plugin - Core Functionality",
            "File Transformation"
          ],
          "fullName": " SmsshCSS Vite Plugin - Core Functionality File Transformation should not transform non-CSS files",
          "status": "passed",
          "title": "should not transform non-CSS files",
          "duration": 0,
          "failureMessages": []
        },
        {
          "ancestorTitles": [
            "",
            "SmsshCSS Vite Plugin - Core Functionality",
            "File Transformation"
          ],
          "fullName": " SmsshCSS Vite Plugin - Core Functionality File Transformation should preserve original CSS content",
          "status": "passed",
          "title": "should preserve original CSS content",
          "duration": 16,
          "failureMessages": []
        },
        {
          "ancestorTitles": [
            "",
            "SmsshCSS Vite Plugin - Core Functionality",
            "File Transformation"
          ],
          "fullName": " SmsshCSS Vite Plugin - Core Functionality File Transformation should handle empty CSS content",
          "status": "passed",
          "title": "should handle empty CSS content",
          "duration": 12,
          "failureMessages": []
        },
        {
          "ancestorTitles": [
            "",
            "SmsshCSS Vite Plugin - Core Functionality",
            "CSS Options",
            "Reset CSS"
          ],
          "fullName": " SmsshCSS Vite Plugin - Core Functionality CSS Options Reset CSS should include reset CSS by default",
          "status": "passed",
          "title": "should include reset CSS by default",
          "duration": 14,
          "failureMessages": []
        },
        {
          "ancestorTitles": [
            "",
            "SmsshCSS Vite Plugin - Core Functionality",
            "CSS Options",
            "Reset CSS"
          ],
          "fullName": " SmsshCSS Vite Plugin - Core Functionality CSS Options Reset CSS should include reset CSS when explicitly enabled",
          "status": "passed",
          "title": "should include reset CSS when explicitly enabled",
          "duration": 14,
          "failureMessages": []
        },
        {
          "ancestorTitles": [
            "",
            "SmsshCSS Vite Plugin - Core Functionality",
            "CSS Options",
            "Reset CSS"
          ],
          "fullName": " SmsshCSS Vite Plugin - Core Functionality CSS Options Reset CSS should exclude reset CSS when disabled",
          "status": "passed",
          "title": "should exclude reset CSS when disabled",
          "duration": 12,
          "failureMessages": []
        },
        {
          "ancestorTitles": [
            "",
            "SmsshCSS Vite Plugin - Core Functionality",
            "CSS Options",
            "Base CSS"
          ],
          "fullName": " SmsshCSS Vite Plugin - Core Functionality CSS Options Base CSS should include base CSS by default",
          "status": "passed",
          "title": "should include base CSS by default",
          "duration": 14,
          "failureMessages": []
        },
        {
          "ancestorTitles": [
            "",
            "SmsshCSS Vite Plugin - Core Functionality",
            "CSS Options",
            "Base CSS"
          ],
          "fullName": " SmsshCSS Vite Plugin - Core Functionality CSS Options Base CSS should include base CSS when explicitly enabled",
          "status": "passed",
          "title": "should include base CSS when explicitly enabled",
          "duration": 16,
          "failureMessages": []
        },
        {
          "ancestorTitles": [
            "",
            "SmsshCSS Vite Plugin - Core Functionality",
            "CSS Options",
            "Base CSS"
          ],
          "fullName": " SmsshCSS Vite Plugin - Core Functionality CSS Options Base CSS should exclude base CSS when disabled",
          "status": "passed",
          "title": "should exclude base CSS when disabled",
          "duration": 13,
          "failureMessages": []
        },
        {
          "ancestorTitles": [
            "",
            "SmsshCSS Vite Plugin - Core Functionality",
            "CSS Options",
            "Combined Options"
          ],
          "fullName": " SmsshCSS Vite Plugin - Core Functionality CSS Options Combined Options should handle both reset and base CSS disabled",
          "status": "passed",
          "title": "should handle both reset and base CSS disabled",
          "duration": 9,
          "failureMessages": []
        },
        {
          "ancestorTitles": ["", "SmsshCSS Vite Plugin - Core Functionality", "Error Handling"],
          "fullName": " SmsshCSS Vite Plugin - Core Functionality Error Handling should handle invalid file extensions gracefully",
          "status": "passed",
          "title": "should handle invalid file extensions gracefully",
          "duration": 1,
          "failureMessages": []
        },
        {
          "ancestorTitles": ["", "SmsshCSS Vite Plugin - Core Functionality", "Error Handling"],
          "fullName": " SmsshCSS Vite Plugin - Core Functionality Error Handling should handle malformed CSS gracefully",
          "status": "passed",
          "title": "should handle malformed CSS gracefully",
          "duration": 17,
          "failureMessages": []
        }
      ],
      "startTime": 1749646896389,
      "endTime": 1749646896562,
      "status": "passed",
      "message": "",
      "name": "/Users/masashi.otsubo/Projects/smsshcss/packages/@smsshcss/vite/src/__tests__/plugin.test.ts"
    },
    {
      "assertionResults": [
        {
          "ancestorTitles": [
            "",
            "SmsshCSS Vite Plugin - Utility Classes Generation",
            "Spacing Classes"
          ],
          "fullName": " SmsshCSS Vite Plugin - Utility Classes Generation Spacing Classes should generate margin classes",
          "status": "passed",
          "title": "should generate margin classes",
          "duration": 16,
          "failureMessages": []
        },
        {
          "ancestorTitles": [
            "",
            "SmsshCSS Vite Plugin - Utility Classes Generation",
            "Spacing Classes"
          ],
          "fullName": " SmsshCSS Vite Plugin - Utility Classes Generation Spacing Classes should generate padding classes",
          "status": "passed",
          "title": "should generate padding classes",
          "duration": 15,
          "failureMessages": []
        },
        {
          "ancestorTitles": [
            "",
            "SmsshCSS Vite Plugin - Utility Classes Generation",
            "Spacing Classes"
          ],
          "fullName": " SmsshCSS Vite Plugin - Utility Classes Generation Spacing Classes should generate gap classes",
          "status": "passed",
          "title": "should generate gap classes",
          "duration": 15,
          "failureMessages": []
        },
        {
          "ancestorTitles": [
            "",
            "SmsshCSS Vite Plugin - Utility Classes Generation",
            "Display Classes"
          ],
          "fullName": " SmsshCSS Vite Plugin - Utility Classes Generation Display Classes should generate display utility classes",
          "status": "passed",
          "title": "should generate display utility classes",
          "duration": 14,
          "failureMessages": []
        },
        {
          "ancestorTitles": [
            "",
            "SmsshCSS Vite Plugin - Utility Classes Generation",
            "Width Classes"
          ],
          "fullName": " SmsshCSS Vite Plugin - Utility Classes Generation Width Classes should generate width utility classes",
          "status": "passed",
          "title": "should generate width utility classes",
          "duration": 16,
          "failureMessages": []
        },
        {
          "ancestorTitles": [
            "",
            "SmsshCSS Vite Plugin - Utility Classes Generation",
            "Height Classes"
          ],
          "fullName": " SmsshCSS Vite Plugin - Utility Classes Generation Height Classes should generate height utility classes",
          "status": "passed",
          "title": "should generate height utility classes",
          "duration": 14,
          "failureMessages": []
        },
        {
          "ancestorTitles": [
            "",
            "SmsshCSS Vite Plugin - Utility Classes Generation",
            "Z-Index Classes"
          ],
          "fullName": " SmsshCSS Vite Plugin - Utility Classes Generation Z-Index Classes should generate z-index utility classes",
          "status": "passed",
          "title": "should generate z-index utility classes",
          "duration": 16,
          "failureMessages": []
        },
        {
          "ancestorTitles": [
            "",
            "SmsshCSS Vite Plugin - Utility Classes Generation",
            "Order Classes"
          ],
          "fullName": " SmsshCSS Vite Plugin - Utility Classes Generation Order Classes should generate order utility classes",
          "status": "passed",
          "title": "should generate order utility classes",
          "duration": 14,
          "failureMessages": []
        },
        {
          "ancestorTitles": [
            "",
            "SmsshCSS Vite Plugin - Utility Classes Generation",
            "Grid Classes"
          ],
          "fullName": " SmsshCSS Vite Plugin - Utility Classes Generation Grid Classes should generate grid utility classes",
          "status": "passed",
          "title": "should generate grid utility classes",
          "duration": 15,
          "failureMessages": []
        },
        {
          "ancestorTitles": [
            "",
            "SmsshCSS Vite Plugin - Utility Classes Generation",
            "Flex Classes"
          ],
          "fullName": " SmsshCSS Vite Plugin - Utility Classes Generation Flex Classes should generate flex utility classes",
          "status": "passed",
          "title": "should generate flex utility classes",
          "duration": 13,
          "failureMessages": []
        },
        {
          "ancestorTitles": [
            "",
            "SmsshCSS Vite Plugin - Utility Classes Generation",
            "Apply Configuration"
          ],
          "fullName": " SmsshCSS Vite Plugin - Utility Classes Generation Apply Configuration should generate apply-based classes",
          "status": "passed",
          "title": "should generate apply-based classes",
          "duration": 22,
          "failureMessages": []
        },
        {
          "ancestorTitles": [
            "",
            "SmsshCSS Vite Plugin - Utility Classes Generation",
            "Apply Configuration"
          ],
          "fullName": " SmsshCSS Vite Plugin - Utility Classes Generation Apply Configuration should handle multiple apply classes",
          "status": "passed",
          "title": "should handle multiple apply classes",
          "duration": 24,
          "failureMessages": []
        },
        {
          "ancestorTitles": [
            "",
            "SmsshCSS Vite Plugin - Utility Classes Generation",
            "Apply Configuration"
          ],
          "fullName": " SmsshCSS Vite Plugin - Utility Classes Generation Apply Configuration should work with empty apply configuration",
          "status": "passed",
          "title": "should work with empty apply configuration",
          "duration": 22,
          "failureMessages": []
        },
        {
          "ancestorTitles": [
            "",
            "SmsshCSS Vite Plugin - Utility Classes Generation",
            "Apply Configuration"
          ],
          "fullName": " SmsshCSS Vite Plugin - Utility Classes Generation Apply Configuration should handle apply with standard utility classes",
          "status": "passed",
          "title": "should handle apply with standard utility classes",
          "duration": 19,
          "failureMessages": []
        }
      ],
      "startTime": 1749646896235,
      "endTime": 1749646896471,
      "status": "passed",
      "message": "",
      "name": "/Users/masashi.otsubo/Projects/smsshcss/packages/@smsshcss/vite/src/__tests__/utility-classes.test.ts"
    }
  ]
}
